This is pdfTeX, Version 3.141592653-2.6-1.40.24 (MiKTeX 23.1) (preloaded format=pdflatex 2023.2.20)  24 APR 2023 12:43
entering extended mode
 restricted \write18 enabled.
 %&-line parsing enabled.
**./rapport.tex
(rapport.tex
LaTeX2e <2022-11-01> patch level 1
L3 programming layer <2023-02-02>
(D:\Program files\New folder\tex/latex/base\report.cls
Document Class: report 2022/07/02 v1.4n Standard LaTeX document class
(D:\Program files\New folder\tex/latex/base\size12.clo
File: size12.clo 2022/07/02 v1.4n Standard LaTeX file (size option)
)
\c@part=\count185
\c@chapter=\count186
\c@section=\count187
\c@subsection=\count188
\c@subsubsection=\count189
\c@paragraph=\count190
\c@subparagraph=\count191
\c@figure=\count192
\c@table=\count193
\abovecaptionskip=\skip48
\belowcaptionskip=\skip49
\bibindent=\dimen140
)
(D:\Program files\New folder\tex/latex/graphics\graphicx.sty
Package: graphicx 2021/09/16 v1.2d Enhanced LaTeX Graphics (DPC,SPQR)

(D:\Program files\New folder\tex/latex/graphics\keyval.sty
Package: keyval 2022/05/29 v1.15 key=value parser (DPC)
\KV@toks@=\toks16
)
(D:\Program files\New folder\tex/latex/graphics\graphics.sty
Package: graphics 2022/03/10 v1.4e Standard LaTeX Graphics (DPC,SPQR)

(D:\Program files\New folder\tex/latex/graphics\trig.sty
Package: trig 2021/08/11 v1.11 sin cos tan (DPC)
)
(D:\Program files\New folder\tex/latex/graphics-cfg\graphics.cfg
File: graphics.cfg 2016/06/04 v1.11 sample graphics configuration
)
Package graphics Info: Driver file: pdftex.def on input line 107.

(D:\Program files\New folder\tex/latex/graphics-def\pdftex.def
File: pdftex.def 2022/09/22 v1.2b Graphics/color driver for pdftex
))
\Gin@req@height=\dimen141
\Gin@req@width=\dimen142
)
(D:\Program files\New folder\tex/latex/wrapfig\wrapfig.sty
\wrapoverhang=\dimen143
\WF@size=\dimen144
\c@WF@wrappedlines=\count194
\WF@box=\box51
\WF@everypar=\toks17
Package: wrapfig 2003/01/31  v 3.6
)
(D:\Program files\New folder\tex/latex/enumitem\enumitem.sty
Package: enumitem 2019/06/20 v3.9 Customized lists
\labelindent=\skip50
\enit@outerparindent=\dimen145
\enit@toks=\toks18
\enit@inbox=\box52
\enit@count@id=\count195
\enitdp@description=\count196
)
(D:\Program files\New folder\tex/latex/titlesec\titlesec.sty
Package: titlesec 2021/07/05 v2.14 Sectioning titles
\ttl@box=\box53
\beforetitleunit=\skip51
\aftertitleunit=\skip52
\ttl@plus=\dimen146
\ttl@minus=\dimen147
\ttl@toksa=\toks19
\titlewidth=\dimen148
\titlewidthlast=\dimen149
\titlewidthfirst=\dimen150
)
(D:\Program files\New folder\tex/latex/xcolor\xcolor.sty
Package: xcolor 2022/06/12 v2.14 LaTeX color extensions (UK)

(D:\Program files\New folder\tex/latex/graphics-cfg\color.cfg
File: color.cfg 2016/01/02 v1.6 sample color configuration
)
Package xcolor Info: Driver file: pdftex.def on input line 227.

(D:\Program files\New folder\tex/latex/graphics\mathcolor.ltx)
Package xcolor Info: Model `cmy' substituted by `cmy0' on input line 1353.
Package xcolor Info: Model `hsb' substituted by `rgb' on input line 1357.
Package xcolor Info: Model `RGB' extended on input line 1369.
Package xcolor Info: Model `HTML' substituted by `rgb' on input line 1371.
Package xcolor Info: Model `Hsb' substituted by `hsb' on input line 1372.
Package xcolor Info: Model `tHsb' substituted by `hsb' on input line 1373.
Package xcolor Info: Model `HSB' substituted by `hsb' on input line 1374.
Package xcolor Info: Model `Gray' substituted by `gray' on input line 1375.
Package xcolor Info: Model `wave' substituted by `hsb' on input line 1376.
)
(D:\Program files\New folder\tex/latex/ragged2e\ragged2e.sty
Package: ragged2e 2022/11/13 v3.2 ragged2e Package
\CenteringLeftskip=\skip53
\RaggedLeftLeftskip=\skip54
\RaggedRightLeftskip=\skip55
\CenteringRightskip=\skip56
\RaggedLeftRightskip=\skip57
\RaggedRightRightskip=\skip58
\CenteringParfillskip=\skip59
\RaggedLeftParfillskip=\skip60
\RaggedRightParfillskip=\skip61
\JustifyingParfillskip=\skip62
\CenteringParindent=\skip63
\RaggedLeftParindent=\skip64
\RaggedRightParindent=\skip65
\JustifyingParindent=\skip66
)
(D:\Program files\New folder\tex/latex/hyperref\hyperref.sty
Package: hyperref 2022-11-13 v7.00u Hypertext links for LaTeX

(D:\Program files\New folder\tex/generic/ltxcmds\ltxcmds.sty
Package: ltxcmds 2020-05-10 v1.25 LaTeX kernel commands for general use (HO)
)
(D:\Program files\New folder\tex/generic/iftex\iftex.sty
Package: iftex 2022/02/03 v1.0f TeX engine tests
)
(D:\Program files\New folder\tex/generic/pdftexcmds\pdftexcmds.sty
Package: pdftexcmds 2020-06-27 v0.33 Utility functions of pdfTeX for LuaTeX (HO
)

(D:\Program files\New folder\tex/generic/infwarerr\infwarerr.sty
Package: infwarerr 2019/12/03 v1.5 Providing info/warning/error messages (HO)
)
Package pdftexcmds Info: \pdf@primitive is available.
Package pdftexcmds Info: \pdf@ifprimitive is available.
Package pdftexcmds Info: \pdfdraftmode found.
)
(D:\Program files\New folder\tex/latex/kvsetkeys\kvsetkeys.sty
Package: kvsetkeys 2022-10-05 v1.19 Key value parser (HO)
)
(D:\Program files\New folder\tex/generic/kvdefinekeys\kvdefinekeys.sty
Package: kvdefinekeys 2019-12-19 v1.6 Define keys (HO)
)
(D:\Program files\New folder\tex/generic/pdfescape\pdfescape.sty
Package: pdfescape 2019/12/09 v1.15 Implements pdfTeX's escape features (HO)
)
(D:\Program files\New folder\tex/latex/hycolor\hycolor.sty
Package: hycolor 2020-01-27 v1.10 Color options for hyperref/bookmark (HO)
)
(D:\Program files\New folder\tex/latex/letltxmacro\letltxmacro.sty
Package: letltxmacro 2019/12/03 v1.6 Let assignment for LaTeX macros (HO)
)
(D:\Program files\New folder\tex/latex/auxhook\auxhook.sty
Package: auxhook 2019-12-17 v1.6 Hooks for auxiliary files (HO)
)
(D:\Program files\New folder\tex/latex/hyperref\nameref.sty
Package: nameref 2022-05-17 v2.50 Cross-referencing by name of section

(D:\Program files\New folder\tex/latex/refcount\refcount.sty
Package: refcount 2019/12/15 v3.6 Data extraction from label references (HO)
)
(D:\Program files\New folder\tex/generic/gettitlestring\gettitlestring.sty
Package: gettitlestring 2019/12/15 v1.6 Cleanup title references (HO)

(D:\Program files\New folder\tex/latex/kvoptions\kvoptions.sty
Package: kvoptions 2022-06-15 v3.15 Key value format for package options (HO)
))
\c@section@level=\count197
)
\@linkdim=\dimen151
\Hy@linkcounter=\count198
\Hy@pagecounter=\count199

(D:\Program files\New folder\tex/latex/hyperref\pd1enc.def
File: pd1enc.def 2022-11-13 v7.00u Hyperref: PDFDocEncoding definition (HO)
Now handling font encoding PD1 ...
... no UTF-8 mapping file for font encoding PD1
)
(D:\Program files\New folder\tex/generic/intcalc\intcalc.sty
Package: intcalc 2019/12/15 v1.3 Expandable calculations with integers (HO)
)
(D:\Program files\New folder\tex/generic/etexcmds\etexcmds.sty
Package: etexcmds 2019/12/15 v1.7 Avoid name clashes with e-TeX commands (HO)
)
\Hy@SavedSpaceFactor=\count266

(D:\Program files\New folder\tex/latex/hyperref\puenc.def
File: puenc.def 2022-11-13 v7.00u Hyperref: PDF Unicode definition (HO)
Now handling font encoding PU ...
... no UTF-8 mapping file for font encoding PU
)
Package hyperref Info: Hyper figures OFF on input line 4162.
Package hyperref Info: Link nesting OFF on input line 4167.
Package hyperref Info: Hyper index ON on input line 4170.
Package hyperref Info: Plain pages OFF on input line 4177.
Package hyperref Info: Backreferencing OFF on input line 4182.
Package hyperref Info: Implicit mode ON; LaTeX internals redefined.
Package hyperref Info: Bookmarks ON on input line 4410.
\c@Hy@tempcnt=\count267

(D:\Program files\New folder\tex/latex/url\url.sty
\Urlmuskip=\muskip16
Package: url 2013/09/16  ver 3.4  Verb mode for urls, etc.
)
LaTeX Info: Redefining \url on input line 4748.
\XeTeXLinkMargin=\dimen152

(D:\Program files\New folder\tex/generic/bitset\bitset.sty
Package: bitset 2019/12/09 v1.3 Handle bit-vector datatype (HO)

(D:\Program files\New folder\tex/generic/bigintcalc\bigintcalc.sty
Package: bigintcalc 2019/12/15 v1.5 Expandable calculations on big integers (HO
)
))
\Fld@menulength=\count268
\Field@Width=\dimen153
\Fld@charsize=\dimen154
Package hyperref Info: Hyper figures OFF on input line 6027.
Package hyperref Info: Link nesting OFF on input line 6032.
Package hyperref Info: Hyper index ON on input line 6035.
Package hyperref Info: backreferencing OFF on input line 6042.
Package hyperref Info: Link coloring OFF on input line 6047.
Package hyperref Info: Link coloring with OCG OFF on input line 6052.
Package hyperref Info: PDF/A mode OFF on input line 6057.

(D:\Program files\New folder\tex/latex/base\atbegshi-ltx.sty
Package: atbegshi-ltx 2021/01/10 v1.0c Emulation of the original atbegshi
package with kernel methods
)
\Hy@abspage=\count269
\c@Item=\count270
\c@Hfootnote=\count271
)
Package hyperref Info: Driver (autodetected): hpdftex.

(D:\Program files\New folder\tex/latex/hyperref\hpdftex.def
File: hpdftex.def 2022-11-13 v7.00u Hyperref driver for pdfTeX

(D:\Program files\New folder\tex/latex/base\atveryend-ltx.sty
Package: atveryend-ltx 2020/08/19 v1.0a Emulation of the original atveryend pac
kage
with kernel methods
)
\Fld@listcount=\count272
\c@bookmark@seq@number=\count273

(D:\Program files\New folder\tex/latex/rerunfilecheck\rerunfilecheck.sty
Package: rerunfilecheck 2022-07-10 v1.10 Rerun checks for auxiliary files (HO)

(D:\Program files\New folder\tex/generic/uniquecounter\uniquecounter.sty
Package: uniquecounter 2019/12/15 v1.4 Provide unlimited unique counter (HO)
)
Package uniquecounter Info: New unique counter `rerunfilecheck' on input line 2
85.
)
\Hy@SectionHShift=\skip67
)
(D:\Program files\New folder\tex/latex/geometry\geometry.sty
Package: geometry 2020/01/02 v5.9 Page Geometry

(D:\Program files\New folder\tex/generic/iftex\ifvtex.sty
Package: ifvtex 2019/10/25 v1.7 ifvtex legacy package. Use iftex instead.
)
\Gm@cnth=\count274
\Gm@cntv=\count275
\c@Gm@tempcnt=\count276
\Gm@bindingoffset=\dimen155
\Gm@wd@mp=\dimen156
\Gm@odd@mp=\dimen157
\Gm@even@mp=\dimen158
\Gm@layoutwidth=\dimen159
\Gm@layoutheight=\dimen160
\Gm@layouthoffset=\dimen161
\Gm@layoutvoffset=\dimen162
\Gm@dimlist=\toks20

(D:\Program files\New folder\tex/latex/geometry\geometry.cfg))
Package hyperref Info: Option `colorlinks' set `true' on input line 29.
   defining Unicode char U+202F (decimal 8239)

(D:\Program files\New folder\tex/latex/l3backend\l3backend-pdftex.def
File: l3backend-pdftex.def 2023-01-16 L3 backend support: PDF output (pdfTeX)
\l__color_backend_stack_int=\count277
\l__pdf_internal_box=\box54
)
(rapport.aux)
\openout1 = `rapport.aux'.

LaTeX Font Info:    Checking defaults for OML/cmm/m/it on input line 32.
LaTeX Font Info:    ... okay on input line 32.
LaTeX Font Info:    Checking defaults for OMS/cmsy/m/n on input line 32.
LaTeX Font Info:    ... okay on input line 32.
LaTeX Font Info:    Checking defaults for OT1/cmr/m/n on input line 32.
LaTeX Font Info:    ... okay on input line 32.
LaTeX Font Info:    Checking defaults for T1/cmr/m/n on input line 32.
LaTeX Font Info:    ... okay on input line 32.
LaTeX Font Info:    Checking defaults for TS1/cmr/m/n on input line 32.
LaTeX Font Info:    ... okay on input line 32.
LaTeX Font Info:    Checking defaults for OMX/cmex/m/n on input line 32.
LaTeX Font Info:    ... okay on input line 32.
LaTeX Font Info:    Checking defaults for U/cmr/m/n on input line 32.
LaTeX Font Info:    ... okay on input line 32.
LaTeX Font Info:    Checking defaults for PD1/pdf/m/n on input line 32.
LaTeX Font Info:    ... okay on input line 32.
LaTeX Font Info:    Checking defaults for PU/pdf/m/n on input line 32.
LaTeX Font Info:    ... okay on input line 32.
 (D:\Program files\New folder\tex/context/base/mkii\supp-pdf.mkii
[Loading MPS to PDF converter (version 2006.09.02).]
\scratchcounter=\count278
\scratchdimen=\dimen163
\scratchbox=\box55
\nofMPsegments=\count279
\nofMParguments=\count280
\everyMPshowfont=\toks21
\MPscratchCnt=\count281
\MPscratchDim=\dimen164
\MPnumerator=\count282
\makeMPintoPDFobject=\count283
\everyMPtoPDFconversion=\toks22
) (D:\Program files\New folder\tex/latex/epstopdf-pkg\epstopdf-base.sty
Package: epstopdf-base 2020-01-24 v2.11 Base part for package epstopdf
Package epstopdf-base Info: Redefining graphics rule for `.eps' on input line 4
85.

(D:\Program files\New folder\tex/latex/00miktex\epstopdf-sys.cfg
File: epstopdf-sys.cfg 2021/03/18 v2.0 Configuration of epstopdf for MiKTeX
))
Package hyperref Info: Link coloring ON on input line 32.
 (rapport.out) (rapport.out)
\@outlinefile=\write3
\openout3 = `rapport.out'.


*geometry* driver: auto-detecting
*geometry* detected driver: pdftex
*geometry* verbose mode - [ preamble ] result:
* driver: pdftex
* paper: custom
* layout: <same size as paper>
* layoutoffset:(h,v)=(0.0pt,0.0pt)
* modes: 
* h-part:(L,W,R)=(93.95122pt, 426.39256pt, 93.95122pt)
* v-part:(T,H,B)=(72.26999pt, 650.43001pt, 72.26999pt)
* \paperwidth=614.295pt
* \paperheight=794.96999pt
* \textwidth=426.39256pt
* \textheight=650.43001pt
* \oddsidemargin=21.68123pt
* \evensidemargin=21.68123pt
* \topmargin=-37.0pt
* \headheight=12.0pt
* \headsep=25.0pt
* \topskip=12.0pt
* \footskip=30.0pt
* \marginparwidth=44.0pt
* \marginparsep=10.0pt
* \columnsep=10.0pt
* \skip\footins=10.8pt plus 4.0pt minus 2.0pt
* \hoffset=0.0pt
* \voffset=0.0pt
* \mag=1000
* \@twocolumnfalse
* \@twosidefalse
* \@mparswitchfalse
* \@reversemarginfalse
* (1in=72.27pt=25.4mm, 1cm=28.453pt)

<images//he2b.png, id=95, 252.945pt x 200.75pt>
File: images//he2b.png Graphic file (type png)
<use images//he2b.png>
Package pdftex.def Info: images//he2b.png  used on input line 41.
(pdftex.def)             Requested size: 113.81102pt x 90.32747pt.
LaTeX Font Info:    External font `cmex10' loaded for size
(Font)              <14.4> on input line 41.
LaTeX Font Info:    External font `cmex10' loaded for size
(Font)              <7> on input line 41.
[1

{C:/Users/HP/AppData/Local/MiKTeX/fonts/map/pdftex/pdftex.map} <./images//he2b.
png>] (rapport.toc
LaTeX Font Info:    External font `cmex10' loaded for size
(Font)              <12> on input line 2.
LaTeX Font Info:    External font `cmex10' loaded for size
(Font)              <8> on input line 2.
LaTeX Font Info:    External font `cmex10' loaded for size
(Font)              <6> on input line 2.
)
\tf@toc=\write4
\openout4 = `rapport.toc'.


pdfTeX warning (ext4): destination with the same identifier (name{page.1}) has 
been already used, duplicate ignored
<to be read again> 
                   \relax 
l.49 \chapter
             {Introduction à la base de données Cassandra} [1

]
Chapter 1.
[2

]
<images//carte.png, id=136, 835.485pt x 291.489pt>
File: images//carte.png Graphic file (type png)
<use images//carte.png>
Package pdftex.def Info: images//carte.png  used on input line 69.
(pdftex.def)             Requested size: 255.83813pt x 89.2576pt.
<images//columnfam.png, id=138, 880.599pt x 475.668pt>
File: images//columnfam.png Graphic file (type png)
<use images//columnfam.png>
Package pdftex.def Info: images//columnfam.png  used on input line 75.
(pdftex.def)             Requested size: 341.11534pt x 184.25412pt.
 [3 <./images//carte.png> <./images//columnfam.png>]
<images//json.jpg, id=145, 956.07187pt x 408.77719pt>
File: images//json.jpg Graphic file (type jpg)
<use images//json.jpg>
Package pdftex.def Info: images//json.jpg  used on input line 89.
(pdftex.def)             Requested size: 426.39256pt x 182.30759pt.
<images//supercolumnfam.jpg, id=146, 963.6pt x 375.65344pt>
File: images//supercolumnfam.jpg Graphic file (type jpg)
<use images//supercolumnfam.jpg>
Package pdftex.def Info: images//supercolumnfam.jpg  used on input line 97.
(pdftex.def)             Requested size: 426.39256pt x 166.22234pt.
 [4 <./images//json.jpg>]
Underfull \hbox (badness 10000) in paragraph at lines 100--102

 []

[5 <./images//supercolumnfam.jpg>]
Chapter 2.
<images//architecture.png, id=155, 963.6pt x 542.025pt>
File: images//architecture.png Graphic file (type png)
<use images//architecture.png>
Package pdftex.def Info: images//architecture.png  used on input line 115.
(pdftex.def)             Requested size: 426.39256pt x 239.83984pt.
[6

 <./images//architecture.png>]
<images//ecriture.jpg, id=162, 963.6pt x 542.025pt>
File: images//ecriture.jpg Graphic file (type jpg)
<use images//ecriture.jpg>
Package pdftex.def Info: images//ecriture.jpg  used on input line 128.
(pdftex.def)             Requested size: 426.39256pt x 239.83984pt.
 [7 <./images//ecriture.jpg>] [8] [9]
Chapter 3.
[10

]
<images//replicationStrategy.png, id=179, 963.6pt x 542.025pt>
File: images//replicationStrategy.png Graphic file (type png)
<use images//replicationStrategy.png>
Package pdftex.def Info: images//replicationStrategy.png  used on input line 18
8.
(pdftex.def)             Requested size: 426.39256pt x 239.83984pt.
 [11 <./images//replicationStrategy.png>] [12]
Chapter 4.

Overfull \hbox (2.11688pt too wide) in paragraph at lines 213--220
\OT1/cmr/m/n/12 L'authentification et l'autorisation sont des ^^Sel^^Sements cr
u-ci-aux pour as-surer la s^^Securit^^Se
 []


Overfull \hbox (9.71957pt too wide) in paragraph at lines 213--220
\OT1/cmr/m/n/12 Apache Cas-san-dra utilise un m^^Secanisme d'authentification e
t d'autorisation de s^^Securit^^Se
 []


Overfull \hbox (4.39326pt too wide) in paragraph at lines 213--220
\OT1/cmr/m/n/12 sem-blable ^^Ra celui d'un syst^^Reme de ges-tion de base de do
nn^^Sees re-la-tion-nelles (RDBMS).
 []


Overfull \hbox (23.8236pt too wide) in paragraph at lines 213--220
\OT1/cmr/m/n/12 Cependant, il est forte-ment recom-mand^^Se de met-tre en place
 un syst^^Reme d'authentification
 []


Overfull \hbox (32.03139pt too wide) in paragraph at lines 213--220
\OT1/cmr/m/n/12 l'authentification et Cas-san-draAu-tho-rizer pour l'autorisati
on. En util-isant ces m^^Secanismes,
 []


Underfull \hbox (badness 10000) in paragraph at lines 222--225

 []

[13

]
Overfull \hbox (5.48073pt too wide) in paragraph at lines 236--239
\OT1/cmr/m/n/12 men-aces physiques telles que le vol, la de-struc-tion ou la d^
^Set^^Serioration des ^^Sequipements.
 []

[14] [15]
Chapter 5.
<images//latence_ecriture.png, id=201, 743.067pt x 365.073pt>
File: images//latence_ecriture.png Graphic file (type png)
<use images//latence_ecriture.png>
Package pdftex.def Info: images//latence_ecriture.png  used on input line 254.
(pdftex.def)             Requested size: 426.39256pt x 209.4864pt.
[16

]
<images//p999.png, id=206, 685.47pt x 308.79pt>
File: images//p999.png Graphic file (type png)
<use images//p999.png>
Package pdftex.def Info: images//p999.png  used on input line 257.
(pdftex.def)             Requested size: 426.39256pt x 192.08861pt.
<images//utilisation.png, id=207, 870.963pt x 289.299pt>
File: images//utilisation.png Graphic file (type png)
<use images//utilisation.png>
Package pdftex.def Info: images//utilisation.png  used on input line 261.
(pdftex.def)             Requested size: 426.39256pt x 141.63414pt.
 [17 <./images//latence_ecriture.png> <./images//p999.png> <./images//utilisati
on.png>] [18] [19


pdfTeX warning (ext4): destination with the same identifier (name{cite.cite_key
2}) has been already used, duplicate ignored
<argument> ...shipout:D \box_use:N \l_shipout_box 
                                                  \__shipout_drop_firstpage_...
l.278 \end{document}
                    
pdfTeX warning (ext4): destination with the same identifier (name{cite.cite_key
2}) has been already used, duplicate ignored
<argument> ...shipout:D \box_use:N \l_shipout_box 
                                                  \__shipout_drop_firstpage_...
l.278 \end{document}
                    ] (rapport.aux)

LaTeX Warning: Label(s) may have changed. Rerun to get cross-references right.

Package rerunfilecheck Info: File `rapport.out' has not changed.
(rerunfilecheck)             Checksum: BB28135312AC6FE4FCC05B78C39EE7B4;4940.
 ) 
Here is how much of TeX's memory you used:
 10119 strings out of 476374
 159949 string characters out of 5796802
 1860340 words of memory out of 5000000
 30350 multiletter control sequences out of 15000+600000
 518705 words of font info for 53 fonts, out of 8000000 for 9000
 1141 hyphenation exceptions out of 8191
 75i,6n,76p,1018b,555s stack positions out of 10000i,1000n,20000p,200000b,200000s
 <C:\Users\HP\AppData\Local\MiKTeX\fonts/pk/ljfour/jknappen/ec/dpi600\tcrm120
0.pk><D:/Program files/New folder/fonts/type1/public/amsfonts/cm/cmbx12.pfb><D:
/Program files/New folder/fonts/type1/public/amsfonts/cm/cmr12.pfb><D:/Program 
files/New folder/fonts/type1/public/amsfonts/cm/cmr17.pfb>
Output written on rapport.pdf (20 pages, 1116269 bytes).
PDF statistics:
 262 PDF objects out of 1000 (max. 8388607)
 47 named destinations out of 1000 (max. 500000)
 240 words of extra memory for PDF output out of 10000 (max. 10000000)

